[22:59:13] [main/INFO]: Setting user: BeastInAMask
[22:59:21] [Client thread/INFO]: LWJGL Version: 2.9.1
[23:00:00] [Client thread/INFO]: Reloading ResourceManager: Default, FMLFileResourcePack:Forge Mod Loader, FMLFileResourcePack:Minecraft Forge, FMLFileResourcePack:Beast's One Piece Mod
[23:00:01] [Sound Library Loader/INFO]: Sound engine started
[23:00:09] [Client thread/INFO]: Created: 16x16 textures/blocks-atlas
[23:00:09] [Client thread/INFO]: Created: 16x16 textures/items-atlas
[23:00:10] [Client thread/INFO]: Reloading ResourceManager: Default, FMLFileResourcePack:Forge Mod Loader, FMLFileResourcePack:Minecraft Forge, FMLFileResourcePack:Beast's One Piece Mod
[23:00:12] [Client thread/INFO]: Created: 512x256 textures/blocks-atlas
[23:00:12] [Client thread/INFO]: Created: 256x256 textures/items-atlas
[23:00:13] [Sound Library Loader/INFO]: Sound engine started
[23:00:36] [Server thread/INFO]: Starting integrated minecraft server version 1.7.10
[23:00:36] [Server thread/INFO]: Generating keypair
[23:00:37] [Server thread/INFO]: Preparing start region for level 0
[23:00:38] [Server thread/INFO]: Preparing spawn area: 0%
[23:00:39] [Server thread/INFO]: Preparing spawn area: 24%
[23:00:40] [Server thread/INFO]: Preparing spawn area: 57%
[23:00:42] [Server thread/INFO]: Changing view distance to 12, from 10
[23:00:44] [Server thread/INFO]: BeastInAMask[local:E:79f591fb] logged in with entity id 426 at (60.90041075353044, 70.0, -187.9943991281031)
[23:00:44] [Server thread/INFO]: BeastInAMask joined the game
[23:00:48] [Server thread/WARN]: Can't keep up! Did the system time change, or is the server overloaded? Running 4792ms behind, skipping 95 tick(s)
[23:01:17] [Server thread/INFO]: Saving and pausing game...
[23:01:17] [Server thread/INFO]: Saving chunks for level 'Test'/Overworld
[23:01:18] [Server thread/INFO]: Saving chunks for level 'Test'/Nether
[23:01:18] [Server thread/INFO]: Saving chunks for level 'Test'/The End
[23:01:18] [Server thread/INFO]: Stopping server
[23:01:18] [Server thread/INFO]: Saving players
[23:01:18] [Server thread/INFO]: Saving worlds
[23:01:18] [Server thread/INFO]: Saving chunks for level 'Test'/Overworld
[23:01:18] [Server thread/INFO]: Saving chunks for level 'Test'/Nether
[23:01:18] [Server thread/INFO]: Saving chunks for level 'Test'/The End
[23:03:22] [Client thread/INFO]: Stopping!
[23:03:55] [main/INFO]: Setting user: BeastInAMask
[23:04:08] [Client thread/INFO]: LWJGL Version: 2.9.1
